<?xml version="1.0" encoding="UTF-8"?>
<testng-results ignored="0" total="1" passed="1" failed="0" skipped="0">
  <reporter-output>
  </reporter-output>
  <suite started-at="2022-05-21T16:09:18 ICT" name="Default suite" finished-at="2022-05-21T16:09:48 ICT" duration-ms="30372">
    <groups>
    </groups>
    <test started-at="2022-05-21T16:09:18 ICT" name="Default test" finished-at="2022-05-21T16:09:48 ICT" duration-ms="30372">
      <class name="doAn.Checkout_When_Out_Of_Stock">
        <test-method is-config="true" signature="Init()[pri:0, instance:doAn.Checkout_When_Out_Of_Stock@702b8b12]" started-at="2022-05-21T16:09:18 ICT" name="Init" finished-at="2022-05-21T16:09:35 ICT" duration-ms="16999" status="PASS">
          <reporter-output>
          </reporter-output>
        </test-method> <!-- Init -->
        <test-method signature="TC_01_Checkout_When_Out_Of_Stock()[pri:0, instance:doAn.Checkout_When_Out_Of_Stock@702b8b12]" started-at="2022-05-21T16:09:35 ICT" name="TC_01_Checkout_When_Out_Of_Stock" finished-at="2022-05-21T16:09:48 ICT" duration-ms="13316" status="PASS">
          <reporter-output>
          </reporter-output>
        </test-method> <!-- TC_01_Checkout_When_Out_Of_Stock -->
        <test-method is-config="true" signature="Close()[pri:0, instance:doAn.Checkout_When_Out_Of_Stock@702b8b12]" started-at="2022-05-21T16:09:48 ICT" name="Close" finished-at="2022-05-21T16:09:48 ICT" duration-ms="1" status="PASS">
          <reporter-output>
          </reporter-output>
        </test-method> <!-- Close -->
      </class> <!-- doAn.Checkout_When_Out_Of_Stock -->
    </test> <!-- Default test -->
  </suite> <!-- Default suite -->
</testng-results>
